<?xml version="1.0" encoding="UTF-8"?>
<!-- Generated by org.testng.reporters.JUnitXMLReporter -->
<testsuite ignored="0" hostname="DESKTOP-6FCQ5OF" failures="1" tests="11" name="Test" time="157.711" errors="0" timestamp="2020-09-28T01:28:20 IST">
  <testcase classname="testcases.Login_testcases" name="loginTestCase" time="1.133"/>
  <testcase classname="testcases.Create_Product_testcases" name="createProductsWithValidData" time="1.027">
    <failure type="java.lang.AssertionError" message="expected [true] but found [false]">
      <![CDATA[java.lang.AssertionError: expected [true] but found [false]
at pages.Products.verifyProductDetails(Products.java:77)
at testcases.Create_Product_testcases.createProductsWithValidData(Create_Product_testcases.java:53)
at java.base/java.util.ArrayList.forEach(ArrayList.java:1540)
... Removed 35 stack frames]]>
    </failure>
  </testcase> <!-- createProductsWithValidData -->
  <testcase classname="testcases.Create_Product_testcases" name="createProductWithEmptyFiels" time="1.029"/>
  <testcase classname="testcases.Create_Product_testcases" name="verifyUniqueField" time="21.079"/>
  <testcase classname="testcases.Create_Product_testcases" name="verifyFieldLimits" time="1.595"/>
  <testcase classname="testcases.Products_Listing_testcases" name="verifyProductList" time="0.165"/>
  <testcase classname="testcases.Update_Product_testcases" name="updateProductsWithValidData" time="1.493"/>
  <testcase classname="testcases.Update_Product_testcases" name="createProductWithEmptyFiels" time="1.105"/>
  <testcase classname="testcases.Update_Product_testcases" name="verifyUniqueField" time="62.047"/>
  <testcase classname="testcases.Update_Product_testcases" name="verifyFieldLimits" time="1.716"/>
  <testcase classname="testcases.Delete_Product_testcases" name="deleteProduct" time="1.709"/>
</testsuite> <!-- Test -->
