<?xml version="1.0" encoding="UTF-8"?>
<!-- Generated by org.testng.reporters.JUnitXMLReporter -->
<testsuite ignored="0" hostname="DESKTOP-6FCQ5OF" failures="0" tests="15" name="Test" time="101.308" errors="0" timestamp="2020-10-16T23:25:40 IST">
  <testcase classname="testcases.Login_TC" name="authentication" time="1.014"/>
  <testcase classname="testcases.Login_TC" name="validateEmptyField" time="6.008"/>
  <testcase classname="testcases.Login_TC" name="validateLoginWithIncorrectEmail" time="5.887"/>
  <testcase classname="testcases.Login_TC" name="validateLoginWithUnregisteredEmail" time="6.513"/>
  <testcase classname="testcases.Login_TC" name="validateLoginWithCorrectDetails" time="12.353"/>
  <testcase classname="testcases.CreateAccount_TC" name="authentication" time="2.968"/>
  <testcase classname="testcases.CreateAccount_TC" name="validate_With_Empty_Email_Field" time="2.894"/>
  <testcase classname="testcases.CreateAccount_TC" name="validate_With_Incorrect_Email" time="3.476"/>
  <testcase classname="testcases.CreateAccount_TC" name="validate_With_Registered_Email" time="3.76"/>
  <testcase classname="testcases.CreateAccount_TC" name="validate_With_UnRegistered_Email" time="4.244"/>
  <testcase classname="testcases.CreateAccount_TC" name="validate_Email_In_PersonalFields" time="2.03"/>
  <testcase classname="testcases.CreateAccount_TC" name="validate_Empty_Personal_Info_Fields" time="4.51"/>
  <testcase classname="testcases.CreateAccount_TC" name="add_Personal_Information" time="4.76"/>
  <testcase classname="testcases.CreateAccount_TC" name="validate_Personal_Info_In_Address_Info" time="2.059"/>
  <testcase classname="testcases.CreateAccount_TC" name="add_Address_Information" time="9.443"/>
</testsuite> <!-- Test -->
