-------------------------------------------------------------------------------
Test set: TestSuite
-------------------------------------------------------------------------------
Tests run: 11, Failures: 1, Errors: 0, Skipped: 0, Time elapsed: 158.383 s <<< FAILURE! - in TestSuite
testcases.Create_Product_testcases.createProductsWithValidData  Time elapsed: 0.993 s  <<< FAILURE!
java.lang.AssertionError: expected [true] but found [false]
	at testcases.Create_Product_testcases.createProductsWithValidData(Create_Product_testcases.java:53)

