<?xml version="1.0" encoding="UTF-8"?>
<testsuite xmlns:xsi="http://www.w3.org/2001/XMLSchema-instance" xsi:noNamespaceSchemaLocation="https://maven.apache.org/surefire/maven-surefire-plugin/xsd/surefire-test-report-3.0.xsd" version="3.0" name="TestSuite" time="158.383" tests="11" errors="0" skipped="0" failures="1">
  <properties>
[...]
</properties>
  <testcase name="loginTestCase" classname="testcases.Login_testcases" time="1.101">
    <system-err><![CDATA[Starting MSEdgeDriver 85.0.564.63 (54dee5e1d729e4c188896f1b1156e98e83557fcc) on port 41122
Only local connections are allowed.
Please see https://chromedriver.chromium.org/security-considerations for suggestions on keeping MSEdgeDriver safe.
MSEdgeDriver was started successfully.
Sep 28, 2020 1:25:47 AM org.openqa.selenium.remote.ProtocolHandshake createSession
INFO: Detected dialect: W3C
]]></system-err>
  </testcase>
  <testcase name="createProductsWithValidData" classname="testcases.Create_Product_testcases" time="0.993">
    <failure message="expected [true] but found [false]" type="java.lang.AssertionError"><![CDATA[java.lang.AssertionError: expected [true] but found [false]
	at testcases.Create_Product_testcases.createProductsWithValidData(Create_Product_testcases.java:53)
]]></failure>
    <system-out><![CDATA[Closed the browser
]]></system-out>
    <system-err><![CDATA[Starting MSEdgeDriver 85.0.564.63 (54dee5e1d729e4c188896f1b1156e98e83557fcc) on port 12795
Only local connections are allowed.
Please see https://chromedriver.chromium.org/security-considerations for suggestions on keeping MSEdgeDriver safe.
MSEdgeDriver was started successfully.
Sep 28, 2020 1:25:59 AM org.openqa.selenium.remote.ProtocolHandshake createSession
INFO: Detected dialect: W3C
]]></system-err>
  </testcase>
  <testcase name="createProductWithEmptyFiels" classname="testcases.Create_Product_testcases" time="1.029"/>
  <testcase name="verifyUniqueField" classname="testcases.Create_Product_testcases" time="21.08"/>
  <testcase name="verifyFieldLimits" classname="testcases.Create_Product_testcases" time="1.595"/>
  <testcase name="verifyProductList" classname="testcases.Products_Listing_testcases" time="0.137">
    <system-out><![CDATA[Closed the browser
]]></system-out>
    <system-err><![CDATA[Starting MSEdgeDriver 85.0.564.63 (54dee5e1d729e4c188896f1b1156e98e83557fcc) on port 12108
Only local connections are allowed.
Please see https://chromedriver.chromium.org/security-considerations for suggestions on keeping MSEdgeDriver safe.
MSEdgeDriver was started successfully.
Sep 28, 2020 1:26:36 AM org.openqa.selenium.remote.ProtocolHandshake createSession
INFO: Detected dialect: W3C
]]></system-err>
  </testcase>
  <testcase name="updateProductsWithValidData" classname="testcases.Update_Product_testcases" time="1.454">
    <system-out><![CDATA[Closed the browser
]]></system-out>
    <system-err><![CDATA[Starting MSEdgeDriver 85.0.564.63 (54dee5e1d729e4c188896f1b1156e98e83557fcc) on port 43769
Only local connections are allowed.
Please see https://chromedriver.chromium.org/security-considerations for suggestions on keeping MSEdgeDriver safe.
MSEdgeDriver was started successfully.
Sep 28, 2020 1:26:49 AM org.openqa.selenium.remote.ProtocolHandshake createSession
INFO: Detected dialect: W3C
]]></system-err>
  </testcase>
  <testcase name="createProductWithEmptyFiels" classname="testcases.Update_Product_testcases" time="1.106"/>
  <testcase name="verifyUniqueField" classname="testcases.Update_Product_testcases" time="62.049"/>
  <testcase name="verifyFieldLimits" classname="testcases.Update_Product_testcases" time="1.716"/>
  <testcase name="deleteProduct" classname="testcases.Delete_Product_testcases" time="1.68">
    <system-out><![CDATA[Closed the browser
]]></system-out>
    <system-err><![CDATA[Starting MSEdgeDriver 85.0.564.63 (54dee5e1d729e4c188896f1b1156e98e83557fcc) on port 25030
Only local connections are allowed.
Please see https://chromedriver.chromium.org/security-considerations for suggestions on keeping MSEdgeDriver safe.
MSEdgeDriver was started successfully.
Sep 28, 2020 1:28:10 AM org.openqa.selenium.remote.ProtocolHandshake createSession
INFO: Detected dialect: W3C
]]></system-err>
  </testcase>
</testsuite>